<?xml version="1.0" encoding="UTF-8"?>
<testng-results ignored="0" total="1" passed="1" failed="0" skipped="0">
  <reporter-output>
  </reporter-output>
  <suite started-at="2023-04-27T06:21:50 EEST" name="Default suite" finished-at="2023-04-27T06:22:23 EEST" duration-ms="33664">
    <groups>
    </groups>
    <test started-at="2023-04-27T06:21:50 EEST" name="Default test" finished-at="2023-04-27T06:22:23 EEST" duration-ms="33664">
      <class name="Myclass">
        <test-method is-config="true" signature="myBeforeTest()[pri:0, instance:Myclass@323b36e0]" started-at="2023-04-27T06:21:50 EEST" name="myBeforeTest" finished-at="2023-04-27T06:21:50 EEST" duration-ms="31" status="PASS">
          <reporter-output>
          </reporter-output>
        </test-method> <!-- myBeforeTest -->
        <test-method signature="ClickonAllDigits()[pri:0, instance:Myclass@323b36e0]" started-at="2023-04-27T06:21:50 EEST" name="ClickonAllDigits" finished-at="2023-04-27T06:22:23 EEST" duration-ms="33573" status="PASS">
          <reporter-output>
          </reporter-output>
        </test-method> <!-- ClickonAllDigits -->
        <test-method is-config="true" signature="AfterMyTest()[pri:0, instance:Myclass@323b36e0]" started-at="2023-04-27T06:22:23 EEST" name="AfterMyTest" finished-at="2023-04-27T06:22:23 EEST" duration-ms="0" status="PASS">
          <reporter-output>
          </reporter-output>
        </test-method> <!-- AfterMyTest -->
      </class> <!-- Myclass -->
    </test> <!-- Default test -->
  </suite> <!-- Default suite -->
</testng-results>
